<?xml version="1.0" encoding="UTF-8"?>
<!-- Generated by org.testng.reporters.JUnitReportReporter -->
<testsuite hostname="Anand-PC" name="com.qa.pages.HomePage" tests="2" failures="0" timestamp="9 Aug 2018 14:36:44 GMT" time="0.065" errors="0">
  <testcase name="homePage2" time="0.003" classname="com.qa.pages.HomePage"/>
  <testcase name="homePage" time="0.062" classname="com.qa.pages.HomePage"/>
</testsuite> <!-- com.qa.pages.HomePage -->
